<?xml version="1.0" encoding="UTF-8"?>
<!-- Generated by org.testng.reporters.JUnitXMLReporter -->
<testsuite hostname="Saravana-PC" name="Test" tests="29" failures="0" timestamp="6 Feb 2023 07:38:43 GMT" time="21.56" errors="0">
  <testcase name="tc7" time="20.765" classname="org.testNg1.suite1"/>
  <testcase name="tc8" time="0.359" classname="org.testNg1.suite1"/>
  <testcase name="tc17" time="0.004" classname="org.testNg1.suite2"/>
  <testcase name="tc17" time="0.005" classname="org.testNg1.suite2"/>
  <testcase name="tc17" time="0.005" classname="org.testNg1.suite2"/>
  <testcase name="tc17" time="0.011" classname="org.testNg1.suite2"/>
  <testcase name="tc18" time="0.003" classname="org.testNg1.suite2"/>
  <testcase name="tc27" time="0.007" classname="org.testNg1.suite3"/>
  <testcase name="tc27" time="0.004" classname="org.testNg1.suite3"/>
  <testcase name="tc27" time="0.003" classname="org.testNg1.suite3"/>
  <testcase name="tc27" time="0.003" classname="org.testNg1.suite3"/>
  <testcase name="tc28" time="0.003" classname="org.testNg1.suite3"/>
  <testcase name="tc16" time="0.003" classname="org.testNg1.suite2"/>
  <testcase name="tc26" time="0.004" classname="org.testNg1.suite3"/>
  <testcase name="tc2" time="0.007" classname="org.testNg1.suite1"/>
  <testcase name="tc12" time="0.023" classname="org.testNg1.suite2"/>
  <testcase name="tc22" time="0.004" classname="org.testNg1.suite3"/>
  <testcase name="tc4" time="0.003" classname="org.testNg1.suite1"/>
  <testcase name="tc14" time="0.004" classname="org.testNg1.suite2"/>
  <testcase name="tc24" time="0.003" classname="org.testNg1.suite3"/>
  <testcase name="tc5" time="0.007" classname="org.testNg1.suite1"/>
  <testcase name="tc5" time="0.003" classname="org.testNg1.suite1"/>
  <testcase name="tc5" time="0.005" classname="org.testNg1.suite1"/>
  <testcase name="tc15" time="0.002" classname="org.testNg1.suite2"/>
  <testcase name="tc15" time="0.006" classname="org.testNg1.suite2"/>
  <testcase name="tc15" time="0.002" classname="org.testNg1.suite2"/>
  <testcase name="tc25" time="0.004" classname="org.testNg1.suite3"/>
  <testcase name="tc25" time="0.023" classname="org.testNg1.suite3"/>
  <testcase name="tc25" time="0.003" classname="org.testNg1.suite3"/>
</testsuite> <!-- Test -->
